<?xml version="1.0" encoding="UTF-8"?>
<!-- Generated by org.testng.reporters.JUnitXMLReporter -->
<testsuite ignored="9" hostname="LAPTOP-QMK202VJ" failures="0" tests="1" name="Default test" time="37.161" errors="0" timestamp="2022-04-26T11:51:27 IST">
  <testcase classname="testclasses.Testing" name="tc0" time="12.801"/>
  <testcase classname="testclasses.Testing" name="tc6" time="0.0">
    <ignored/>
  </testcase> <!-- tc6 -->
  <testcase classname="testclasses.Testing" name="tc3" time="0.0">
    <ignored/>
  </testcase> <!-- tc3 -->
  <testcase classname="testclasses.Testing" name="tc4" time="0.0">
    <ignored/>
  </testcase> <!-- tc4 -->
  <testcase classname="testclasses.Testing" name="tc1" time="0.0">
    <ignored/>
  </testcase> <!-- tc1 -->
  <testcase classname="testclasses.Testing" name="tc2" time="0.0">
    <ignored/>
  </testcase> <!-- tc2 -->
  <testcase classname="testclasses.Testing" name="tc9" time="0.0">
    <ignored/>
  </testcase> <!-- tc9 -->
  <testcase classname="testclasses.Testing" name="tc7" time="0.0">
    <ignored/>
  </testcase> <!-- tc7 -->
  <testcase classname="testclasses.Testing" name="tc8" time="0.0">
    <ignored/>
  </testcase> <!-- tc8 -->
  <testcase classname="testclasses.Testing" name="tc5" time="0.0">
    <ignored/>
  </testcase> <!-- tc5 -->
</testsuite> <!-- Default test -->
