<?xml version="1.0" encoding="UTF-8"?>
<!-- Generated by org.testng.reporters.JUnitXMLReporter -->
<testsuite ignored="0" hostname="LAPTOP-QMK202VJ" failures="3" tests="13" name="Test" time="225.615" errors="0" timestamp="2022-04-26T12:15:42 IST">
  <testcase classname="testclasses.TestClassUsingListeners" name="tc1" time="11.117"/>
  <testcase classname="testclasses.TestClassUsingListeners" name="tc2" time="3.548">
    <skipped/>
  </testcase> <!-- tc2 -->
  <testcase classname="testclasses.TestClassUsingListeners" name="tc2" time="3.224">
    <skipped/>
  </testcase> <!-- tc2 -->
  <testcase classname="testclasses.TestClassUsingListeners" name="tc2" time="3.191">
    <skipped/>
  </testcase> <!-- tc2 -->
  <testcase classname="testclasses.TestClassUsingListeners" name="tc2" time="3.207">
    <failure type="org.openqa.selenium.NoSuchElementException" message="no such element: Unable to locate element: {&amp;quot;method&amp;quot;:&amp;quot;xpath&amp;quot;,&amp;quot;selector&amp;quot;:&amp;quot;(//i[@class=&amp;apos;icp-radio&amp;apos;])[22]&amp;quot;}
  (Session info: chrome=100.0.4896.127)
For documentation on this error, please visit: https://selenium.dev/exceptions/#no_such_element
Build info: version: &amp;apos;4.1.2&amp;apos;, revision: &amp;apos;9a5a329c5a&amp;apos;
System info: host: &amp;apos;LAPTOP-QMK202VJ&amp;apos;, ip: &amp;apos;192.168.1.7&amp;apos;, os.name: &amp;apos;Windows 10&amp;apos;, os.arch: &amp;apos;amd64&amp;apos;, os.version: &amp;apos;10.0&amp;apos;, java.version: &amp;apos;15.0.2&amp;apos;
Driver info: org.openqa.selenium.chrome.ChromeDriver
Command: [5fa8faa4331748decaefbf5ae58bfe0c, findElement {using=xpath, value=(//i[@class=&amp;apos;icp-radio&amp;apos;])[22]}]
Capabilities {acceptInsecureCerts: false, browserName: chrome, browserVersion: 100.0.4896.127, chrome: {chromedriverVersion: 100.0.4896.60 (6a5d10861ce8..., userDataDir: C:\Users\RUSH14~1\AppData\L...}, goog:chromeOptions: {debuggerAddress: localhost:59758}, javascriptEnabled: true, networkConnectionEnabled: false, pageLoadStrategy: normal, platform: WINDOWS, platformName: WINDOWS, proxy: Proxy(), se:cdp: ws://localhost:59758/devtoo..., se:cdpVersion: 100.0.4896.127, setWindowRect: true, strictFileInteractability: false, timeouts: {implicit: 0, pageLoad: 300000, script: 30000}, unhandledPromptBehavior: dismiss and notify, webauthn:extension:credBlob: true, webauthn:extension:largeBlob: true, webauthn:virtualAuthenticators: true}
Session ID: 5fa8faa4331748decaefbf5ae58bfe0c">
      <![CDATA[org.openqa.selenium.NoSuchElementException: no such element: Unable to locate element: {"method":"xpath","selector":"(//i[@class='icp-radio'])[22]"}
  (Session info: chrome=100.0.4896.127)
For documentation on this error, please visit: https://selenium.dev/exceptions/#no_such_element
Build info: version: '4.1.2', revision: '9a5a329c5a'
System info: host: 'LAPTOP-QMK202VJ', ip: '192.168.1.7', os.name: 'Windows 10', os.arch: 'amd64', os.version: '10.0', java.version: '15.0.2'
Driver info: org.openqa.selenium.chrome.ChromeDriver
Command: [5fa8faa4331748decaefbf5ae58bfe0c, findElement {using=xpath, value=(//i[@class='icp-radio'])[22]}]
Capabilities {acceptInsecureCerts: false, browserName: chrome, browserVersion: 100.0.4896.127, chrome: {chromedriverVersion: 100.0.4896.60 (6a5d10861ce8..., userDataDir: C:\Users\RUSH14~1\AppData\L...}, goog:chromeOptions: {debuggerAddress: localhost:59758}, javascriptEnabled: true, networkConnectionEnabled: false, pageLoadStrategy: normal, platform: WINDOWS, platformName: WINDOWS, proxy: Proxy(), se:cdp: ws://localhost:59758/devtoo..., se:cdpVersion: 100.0.4896.127, setWindowRect: true, strictFileInteractability: false, timeouts: {implicit: 0, pageLoad: 300000, script: 30000}, unhandledPromptBehavior: dismiss and notify, webauthn:extension:credBlob: true, webauthn:extension:largeBlob: true, webauthn:virtualAuthenticators: true}
Session ID: 5fa8faa4331748decaefbf5ae58bfe0c
at org.openqa.selenium.remote.codec.w3c.W3CHttpResponseCodec.createException(W3CHttpResponseCodec.java:200)
at org.openqa.selenium.remote.codec.w3c.W3CHttpResponseCodec.decode(W3CHttpResponseCodec.java:133)
at org.openqa.selenium.remote.codec.w3c.W3CHttpResponseCodec.decode(W3CHttpResponseCodec.java:53)
at org.openqa.selenium.remote.HttpCommandExecutor.execute(HttpCommandExecutor.java:184)
at org.openqa.selenium.remote.service.DriverCommandExecutor.invokeExecute(DriverCommandExecutor.java:167)
at org.openqa.selenium.remote.service.DriverCommandExecutor.execute(DriverCommandExecutor.java:142)
at org.openqa.selenium.remote.RemoteWebDriver.execute(RemoteWebDriver.java:558)
at org.openqa.selenium.remote.ElementLocation$ElementFinder$2.findElement(ElementLocation.java:162)
at org.openqa.selenium.remote.ElementLocation.findElement(ElementLocation.java:60)
at org.openqa.selenium.remote.RemoteWebDriver.findElement(RemoteWebDriver.java:382)
at org.openqa.selenium.remote.RemoteWebDriver.findElement(RemoteWebDriver.java:374)
at testclasses.TestClassUsingListeners.tc2(TestClassUsingListeners.java:65)
at java.base/java.util.ArrayList.forEach(ArrayList.java:1511)
... Removed 32 stack frames]]>
    </failure>
  </testcase> <!-- tc2 -->
  <testcase classname="testclasses.TestClassUsingListeners" name="tc3" time="0.023">
    <skipped/>
  </testcase> <!-- tc3 -->
  <testcase classname="testclasses.TestClassUsingListeners" name="tc3" time="0.001">
    <skipped/>
  </testcase> <!-- tc3 -->
  <testcase classname="testclasses.TestClassUsingListeners" name="tc3" time="0.001">
    <skipped/>
  </testcase> <!-- tc3 -->
  <testcase classname="testclasses.TestClassUsingListeners" name="tc3" time="0.0">
    <failure type="java.lang.AssertionError" message="null">
      <![CDATA[java.lang.AssertionError: null
at testclasses.TestClassUsingListeners.tc3(TestClassUsingListeners.java:73)
at java.base/java.util.ArrayList.forEach(ArrayList.java:1511)
... Removed 29 stack frames]]>
    </failure>
  </testcase> <!-- tc3 -->
  <testcase classname="testclasses.TestClassUsingListeners" name="tc4" time="0.002">
    <skipped/>
  </testcase> <!-- tc4 -->
  <testcase classname="testclasses.TestClassUsingListeners" name="tc4" time="0.001">
    <skipped/>
  </testcase> <!-- tc4 -->
  <testcase classname="testclasses.TestClassUsingListeners" name="tc4" time="0.001">
    <skipped/>
  </testcase> <!-- tc4 -->
  <testcase classname="testclasses.TestClassUsingListeners" name="tc4" time="0.002">
    <failure type="java.lang.AssertionError" message="null">
      <![CDATA[java.lang.AssertionError: null
at testclasses.TestClassUsingListeners.tc4(TestClassUsingListeners.java:80)
at java.base/java.util.ArrayList.forEach(ArrayList.java:1511)
... Removed 29 stack frames]]>
    </failure>
  </testcase> <!-- tc4 -->
</testsuite> <!-- Test -->
